{"level":"error","message":" proper work data","service":"user-service"}
{"level":"info","message":" proper work data","service":"user-service"}
{"level":"info","message":"Hello again distributed logs","service":"user-service"}
{"level":"info","message":" proper work data","service":"user-service"}
{"level":"info","message":" proper work data","service":"user-service"}
{"level":"info","message":" proper work data","service":"user-service"}
{"code":"ERR_BAD_REQUEST","config":{"adapter":["xhr","http","fetch"],"baseURL":"https://testapi.demoserver.biz/api/settings","env":{},"headers":{"Accept":"application/json, text/plain, */*","Accept-Encoding":"gzip, compress, deflate, br","Content-Type":"application/x-www-form-urlencoded","User-Agent":"axios/1.7.2"},"maxBodyLength":-1,"maxContentLength":-1,"method":"post","timeout":0,"transformRequest":[null],"transformResponse":[null],"transitional":{"clarifyTimeoutError":false,"forcedJSONParsing":true,"silentJSONParsing":true},"url":"/country1","xsrfCookieName":"XSRF-TOKEN","xsrfHeaderName":"X-XSRF-TOKEN"},"message":"Request failed with status code 404","name":"AxiosError","stack":"AxiosError: Request failed with status code 404\n    at settle (/home/manan.v/Desktop/MananLinux/database/resume/node_modules/axios/dist/node/axios.cjs:1983:12)\n    at IncomingMessage.handleStreamEnd (/home/manan.v/Desktop/MananLinux/database/resume/node_modules/axios/dist/node/axios.cjs:3085:11)\n    at IncomingMessage.emit (node:events:531:35)\n    at endReadableNT (node:internal/streams/readable:1696:12)\n    at process.processTicksAndRejections (node:internal/process/task_queues:82:21)","status":404}
{"level":"info","message":{"data":{"countries":["India","USA"]},"type":"success"},"service":"user-service"}
{"level":"info","message":{"data":{"states":["Gujarat","Maharashtra"]},"type":"success"},"service":"user-service"}
{"level":"info","message":{"data":{"cities":["Ahmedabad","Porbandar","Jamnagar"]},"type":"success"},"service":"user-service"}
{"level":"info","message":{"data":{"countries":["India","USA"]},"type":"success"},"service":"user-service"}
{"level":"info","message":{"data":{"countries":["India","USA"]},"type":"success"},"service":"user-service"}
{"level":"info","message":{"data":{"countries":["India","USA"]},"type":"success"},"service":"user-service"}
{"level":"info","message":{"data":{"countries":["India","USA"]},"type":"success"},"service":"user-service"}
{"level":"info","message":{"data":{"countries":["India","USA"]},"type":"success"},"service":"user-service"}
{"level":"info","message":{"data":{"states":["Gujarat","Maharashtra"]},"type":"success"},"service":"user-service"}
{"level":"info","message":{"data":{"countries":["India","USA"]},"type":"success"},"service":"user-service"}
{"level":"info","message":{"data":{"countries":["India","USA"]},"type":"success"},"service":"user-service"}
{"level":"info","message":{"data":{"countries":["India","USA"]},"type":"success"},"service":"user-service"}
{"level":"info","message":{"data":{"countries":["India","USA"]},"type":"success"},"service":"user-service"}
{"level":"info","message":{"data":{"countries":["India","USA"]},"type":"success"},"service":"user-service"}
{"level":"info","message":{"data":{"countries":["India","USA"]},"type":"success"},"service":"user-service"}
{"level":"info","message":{"data":{"countries":["India","USA"]},"type":"success"},"service":"user-service"}
{"level":"info","message":{"data":{"countries":["India","USA"]},"type":"success"},"service":"user-service"}
{"level":"info","message":{"data":{"countries":["India","USA"]},"type":"success"},"service":"user-service"}
{"level":"info","message":{"data":{"countries":["India","USA"]},"type":"success"},"service":"user-service"}
{"level":"info","message":{"data":{"countries":["India","USA"]},"type":"success"},"service":"user-service"}
{"level":"info","message":{"data":{"countries":["India","USA"]},"type":"success"},"service":"user-service"}
{"level":"info","message":{"data":{"countries":["India","USA"]},"type":"success"},"service":"user-service"}
{"level":"info","message":{"data":{"states":["Gujarat","Maharashtra"]},"type":"success"},"service":"user-service"}
{"level":"info","message":{"data":{"countries":["India","USA"]},"type":"success"},"service":"user-service"}
{"level":"info","message":{"data":{"countries":["India","USA"]},"type":"success"},"service":"user-service"}
{"level":"info","message":{"data":{"countries":["India","USA"]},"type":"success"},"service":"user-service"}
{"level":"info","message":{"data":{"countries":["India","USA"]},"type":"success"},"service":"user-service"}
{"level":"info","message":{"data":{"countries":["India","USA"]},"type":"success"},"service":"user-service"}
{"level":"info","message":{"data":{"countries":["India","USA"]},"type":"success"},"service":"user-service"}
{"level":"info","message":{"data":{"countries":["India","USA"]},"type":"success"},"service":"user-service"}
{"level":"info","message":{"data":{"states":["Gujarat","Maharashtra"]},"type":"success"},"service":"user-service"}
{"level":"info","message":{"data":{"cities":["Ahmedabad","Porbandar","Jamnagar"]},"type":"success"},"service":"user-service"}
{"level":"info","message":{"data":{"countries":["India","USA"]},"type":"success"},"service":"user-service"}
{"level":"info","message":{"data":{"countries":["India","USA"]},"type":"success"},"service":"user-service"}
{"level":"info","message":{"data":{"states":["Gujarat","Maharashtra"]},"type":"success"},"service":"user-service"}
{"level":"info","message":{"data":{"cities":["Ahmedabad","Porbandar","Jamnagar"]},"type":"success"},"service":"user-service"}
{"level":"info","message":{"data":{"cities":["Ahmedabad","Porbandar","Jamnagar"]},"type":"success"},"service":"user-service"}
{"level":"info","message":{"data":{"states":["California","Texas"]},"type":"success"},"service":"user-service"}
{"level":"info","message":{"data":{"cities":["Bakersfield","Calexico","Chico"]},"type":"success"},"service":"user-service"}
{"level":"info","message":{"data":{"countries":["India","USA"]},"type":"success"},"service":"user-service"}
{"level":"info","message":{"data":{"countries":["India","USA"]},"type":"success"},"service":"user-service"}
{"level":"info","message":{"data":{"countries":["India","USA"]},"type":"success"},"service":"user-service"}
{"level":"info","message":{"data":{"countries":["India","USA"]},"type":"success"},"service":"user-service"}
{"level":"info","message":{"data":{"countries":["India","USA"]},"type":"success"},"service":"user-service"}
{"level":"info","message":{"data":{"countries":["India","USA"]},"type":"success"},"service":"user-service"}
{"level":"info","message":{"data":{"countries":["India","USA"]},"type":"success"},"service":"user-service"}
{"level":"info","message":{"data":{"states":["Gujarat","Maharashtra"]},"type":"success"},"service":"user-service"}
{"level":"info","message":{"data":{"cities":["Ahmedabad","Porbandar","Jamnagar"]},"type":"success"},"service":"user-service"}
